app/build/intermediates/manifest_merge_blame_file/debug/manifest-merger-blame-debug-report.txt
1<?xml version="1.0" encoding="utf-8"?>
2<manifest xmlns:android="http://schemas.android.com/apk/res/android"
3    package="com.project.esheba"
4    android:versionCode="1"
5    android:versionName="1.0" >
6
7    <uses-sdk
8        android:minSdkVersion="23"
8-->src\main\AndroidManifest.xml
9        android:targetSdkVersion="30" />
9-->src\main\AndroidManifest.xml
10
11    <uses-permission android:name="android.permission.INTERNET" />
11-->src\main\AndroidManifest.xml:6:5-67
11-->src\main\AndroidManifest.xml:6:22-64
12    <uses-permission android:name="android.permission.WRITE_EXTERNAL_STORAGE" />
12-->src\main\AndroidManifest.xml:7:5-81
12-->src\main\AndroidManifest.xml:7:22-78
13    <uses-permission android:name="android.permission.READ_EXTERNAL_STORAGE" />
13-->[com.github.maayyaannkk:ImagePicker:1.0.4] AndroidManifest.xml:12:5-80
13-->[com.github.maayyaannkk:ImagePicker:1.0.4] AndroidManifest.xml:12:22-77
14
15    <application
15-->src\main\AndroidManifest.xml:9:5-53:19
16        android:allowBackup="true"
16-->src\main\AndroidManifest.xml:10:9-35
17        android:appComponentFactory="androidx.core.app.CoreComponentFactory"
17-->[androidx.core:core:1.3.1] AndroidManifest.xml:24:18-86
18        android:debuggable="true"
19        android:extractNativeLibs="false"
20        android:icon="@drawable/logo_main"
20-->src\main\AndroidManifest.xml:11:9-43
21        android:label="@string/app_name"
21-->src\main\AndroidManifest.xml:12:9-41
22        android:roundIcon="@drawable/e_sheba_logo_cir"
22-->src\main\AndroidManifest.xml:13:9-55
23        android:supportsRtl="true"
23-->src\main\AndroidManifest.xml:14:9-35
24        android:testOnly="true"
25        android:theme="@style/Theme.ESheba"
25-->src\main\AndroidManifest.xml:15:9-44
26        android:usesCleartextTraffic="true" >
26-->src\main\AndroidManifest.xml:16:9-44
27        <activity android:name="com.project.esheba.Customer.OrderListCusActivity" />
27-->src\main\AndroidManifest.xml:18:9-76
27-->src\main\AndroidManifest.xml:18:19-64
28        <activity android:name="com.project.esheba.ServiceProvider.Product.Order.OrderDetailsCHActivity" />
28-->src\main\AndroidManifest.xml:19:9-90
28-->src\main\AndroidManifest.xml:19:19-87
29        <activity android:name="com.project.esheba.ServiceProvider.Product.ViewReviewActivity" />
29-->src\main\AndroidManifest.xml:20:9-80
29-->src\main\AndroidManifest.xml:20:19-77
30        <activity android:name="com.project.esheba.ServiceProvider.Product.Order.OrderListCHActivity" />
30-->src\main\AndroidManifest.xml:21:9-87
30-->src\main\AndroidManifest.xml:21:19-84
31        <activity android:name="com.project.esheba.ServiceProvider.OrderCHActivity" />
31-->src\main\AndroidManifest.xml:22:9-69
31-->src\main\AndroidManifest.xml:22:19-66
32        <activity android:name="com.project.esheba.ServiceProvider.AllProductCHActivity" />
32-->src\main\AndroidManifest.xml:23:9-74
32-->src\main\AndroidManifest.xml:23:19-71
33        <activity android:name="com.project.esheba.ServiceProvider.Product.ProductDescriptionCHActivity" />
33-->src\main\AndroidManifest.xml:24:9-90
33-->src\main\AndroidManifest.xml:24:19-87
34        <activity android:name="com.project.esheba.ServiceProvider.Product.AddProductCHActivity" />
34-->src\main\AndroidManifest.xml:25:9-82
34-->src\main\AndroidManifest.xml:25:19-79
35        <activity android:name="com.project.esheba.Customer.ViewComapnyActivity" />
35-->src\main\AndroidManifest.xml:26:9-66
35-->src\main\AndroidManifest.xml:26:19-63
36        <activity android:name="com.project.esheba.ServiceProvider.CompanyInfoActivity" />
36-->src\main\AndroidManifest.xml:27:9-73
36-->src\main\AndroidManifest.xml:27:19-70
37        <activity android:name="com.project.esheba.ContactAdminActivity" />
37-->src\main\AndroidManifest.xml:28:9-58
37-->src\main\AndroidManifest.xml:28:19-55
38        <activity android:name="com.project.esheba.Admin.Profile.CustomerListActivity" />
38-->src\main\AndroidManifest.xml:29:9-72
38-->src\main\AndroidManifest.xml:29:19-69
39        <activity android:name="com.project.esheba.Admin.Profile.SpListActivity" />
39-->src\main\AndroidManifest.xml:30:9-66
39-->src\main\AndroidManifest.xml:30:19-63
40        <activity android:name="com.project.esheba.ServiceProvider.Profile.EditProfileSpActivity" />
40-->src\main\AndroidManifest.xml:31:9-83
40-->src\main\AndroidManifest.xml:31:19-80
41        <activity android:name="com.project.esheba.ServiceProvider.Profile.ProfileSpActivity" />
41-->src\main\AndroidManifest.xml:32:9-79
41-->src\main\AndroidManifest.xml:32:19-76
42        <activity android:name="com.project.esheba.Customer.Profile.EditProfileCusActivity" />
42-->src\main\AndroidManifest.xml:33:9-77
42-->src\main\AndroidManifest.xml:33:19-74
43        <activity android:name="com.project.esheba.Customer.Profile.ProfileCusActivity" />
43-->src\main\AndroidManifest.xml:34:9-73
43-->src\main\AndroidManifest.xml:34:19-70
44        <activity android:name="com.project.esheba.Admin.Profile.EditProfileAdminActivity" />
44-->src\main\AndroidManifest.xml:35:9-76
44-->src\main\AndroidManifest.xml:35:19-73
45        <activity android:name="com.project.esheba.Admin.Profile.ProfileAdminActivity" />
45-->src\main\AndroidManifest.xml:36:9-72
45-->src\main\AndroidManifest.xml:36:19-69
46        <activity android:name="com.project.esheba.ServiceProvider.SpMainActivity" />
46-->src\main\AndroidManifest.xml:37:9-68
46-->src\main\AndroidManifest.xml:37:19-65
47        <activity android:name="com.project.esheba.Customer.CustomerMainActivity" />
47-->src\main\AndroidManifest.xml:38:9-67
47-->src\main\AndroidManifest.xml:38:19-64
48        <activity android:name="com.project.esheba.Admin.AdminMainActivity" />
48-->src\main\AndroidManifest.xml:39:9-61
48-->src\main\AndroidManifest.xml:39:19-58
49        <activity android:name="com.project.esheba.RegistrationActivity" />
49-->src\main\AndroidManifest.xml:40:9-58
49-->src\main\AndroidManifest.xml:40:19-55
50        <activity android:name="com.project.esheba.LoginActivity" />
50-->src\main\AndroidManifest.xml:41:9-51
50-->src\main\AndroidManifest.xml:41:19-48
51        <activity android:name="com.project.esheba.SplashActivity" >
51-->src\main\AndroidManifest.xml:42:9-48:20
51-->src\main\AndroidManifest.xml:42:19-49
52            <intent-filter>
52-->src\main\AndroidManifest.xml:43:13-47:29
53                <action android:name="android.intent.action.MAIN" />
53-->src\main\AndroidManifest.xml:44:17-69
53-->src\main\AndroidManifest.xml:44:25-66
54
55                <category android:name="android.intent.category.LAUNCHER" />
55-->src\main\AndroidManifest.xml:46:17-77
55-->src\main\AndroidManifest.xml:46:27-74
56            </intent-filter>
57        </activity>
58
59        <uses-library
59-->src\main\AndroidManifest.xml:50:9-52:40
60            android:name="org.apache.http.legacy"
60-->src\main\AndroidManifest.xml:51:13-50
61            android:required="false" />
61-->src\main\AndroidManifest.xml:52:13-37
62
63        <activity
63-->[com.karumi:dexter:5.0.0] AndroidManifest.xml:27:9-29:72
64            android:name="com.karumi.dexter.DexterActivity"
64-->[com.karumi:dexter:5.0.0] AndroidManifest.xml:28:13-60
65            android:theme="@style/Dexter.Internal.Theme.Transparent" />
65-->[com.karumi:dexter:5.0.0] AndroidManifest.xml:29:13-69
66        <activity
66-->[com.github.maayyaannkk:ImagePicker:1.0.4] AndroidManifest.xml:15:9-17:67
67            android:name="in.mayanknagwanshi.imagepicker.ImageSelectActivity"
67-->[com.github.maayyaannkk:ImagePicker:1.0.4] AndroidManifest.xml:16:13-78
68            android:theme="@style/Theme.AppCompat.Light.Dialog" />
68-->[com.github.maayyaannkk:ImagePicker:1.0.4] AndroidManifest.xml:17:13-64
69
70        <provider
70-->[com.github.maayyaannkk:ImagePicker:1.0.4] AndroidManifest.xml:19:9-27:20
71            android:name="androidx.core.content.FileProvider"
71-->[com.github.maayyaannkk:ImagePicker:1.0.4] AndroidManifest.xml:20:13-62
72            android:authorities="com.project.esheba.provider"
72-->[com.github.maayyaannkk:ImagePicker:1.0.4] AndroidManifest.xml:21:13-60
73            android:exported="false"
73-->[com.github.maayyaannkk:ImagePicker:1.0.4] AndroidManifest.xml:22:13-37
74            android:grantUriPermissions="true" >
74-->[com.github.maayyaannkk:ImagePicker:1.0.4] AndroidManifest.xml:23:13-47
75            <meta-data
75-->[com.github.maayyaannkk:ImagePicker:1.0.4] AndroidManifest.xml:24:13-26:58
76                android:name="android.support.FILE_PROVIDER_PATHS"
76-->[com.github.maayyaannkk:ImagePicker:1.0.4] AndroidManifest.xml:25:17-67
77                android:resource="@xml/provider_paths" />
77-->[com.github.maayyaannkk:ImagePicker:1.0.4] AndroidManifest.xml:26:17-55
78        </provider>
79    </application>
80
81</manifest>